0 info it worked if it ends with ok
1 verbose cli [ 'node',
1 verbose cli   '/home/mitja/.meteor/packages/meteor-tool/.1.3.2_4.145bi9g++os.linux.x86_64+web.browser+web.cordova/mt-os.linux.x86_64/dev_bundle/bin/npm',
1 verbose cli   'install',
1 verbose cli   '--save',
1 verbose cli   'easy:search' ]
2 info using npm@2.14.22
3 info using node@v0.10.43
4 verbose install initial load of /home/mitja/Dokumenti/SONCE/develop/package.json
5 warn package.json @ No repository field.
6 verbose installManyTop reading scoped package data from /home/mitja/Dokumenti/SONCE/develop/node_modules/autoprefixer/package.json
7 verbose installManyTop reading scoped package data from /home/mitja/Dokumenti/SONCE/develop/node_modules/eslint/package.json
8 verbose installManyTop reading scoped package data from /home/mitja/Dokumenti/SONCE/develop/node_modules/eslint-config-airbnb/package.json
9 verbose installManyTop reading scoped package data from /home/mitja/Dokumenti/SONCE/develop/node_modules/eslint-plugin-meteor/package.json
10 verbose installManyTop reading scoped package data from /home/mitja/Dokumenti/SONCE/develop/node_modules/eslint-plugin-react/package.json
11 verbose installManyTop reading scoped package data from /home/mitja/Dokumenti/SONCE/develop/node_modules/faker/package.json
12 verbose readDependencies loading dependencies from /home/mitja/Dokumenti/SONCE/develop/package.json
13 verbose readDependencies npm-shrinkwrap.json is overriding dependencies
14 info shrinkwrap file "/home/mitja/Dokumenti/SONCE/develop/npm-shrinkwrap.json"
15 verbose readDependencies returned deps { autoprefixer: 'https://registry.npmjs.org/autoprefixer/-/autoprefixer-6.3.4.tgz',
15 verbose readDependencies returned deps   faker: 'https://registry.npmjs.org/faker/-/faker-3.1.0.tgz' }
16 verbose stack Error: Unsupported URL Type: easy:search
16 verbose stack     at parseUrl (/home/mitja/.meteor/packages/meteor-tool/.1.3.2_4.145bi9g++os.linux.x86_64+web.browser+web.cordova/mt-os.linux.x86_64/dev_bundle/lib/node_modules/npm/node_modules/npm-package-arg/npa.js:169:13)
16 verbose stack     at npa (/home/mitja/.meteor/packages/meteor-tool/.1.3.2_4.145bi9g++os.linux.x86_64+web.browser+web.cordova/mt-os.linux.x86_64/dev_bundle/lib/node_modules/npm/node_modules/npm-package-arg/npa.js:75:12)
16 verbose stack     at resolver (/home/mitja/.meteor/packages/meteor-tool/.1.3.2_4.145bi9g++os.linux.x86_64+web.browser+web.cordova/mt-os.linux.x86_64/dev_bundle/lib/node_modules/npm/lib/install.js:845:42)
16 verbose stack     at /home/mitja/.meteor/packages/meteor-tool/.1.3.2_4.145bi9g++os.linux.x86_64+web.browser+web.cordova/mt-os.linux.x86_64/dev_bundle/lib/node_modules/npm/node_modules/slide/lib/async-map.js:52:35
16 verbose stack     at Array.forEach (native)
16 verbose stack     at /home/mitja/.meteor/packages/meteor-tool/.1.3.2_4.145bi9g++os.linux.x86_64+web.browser+web.cordova/mt-os.linux.x86_64/dev_bundle/lib/node_modules/npm/node_modules/slide/lib/async-map.js:52:11
16 verbose stack     at Array.forEach (native)
16 verbose stack     at asyncMap (/home/mitja/.meteor/packages/meteor-tool/.1.3.2_4.145bi9g++os.linux.x86_64+web.browser+web.cordova/mt-os.linux.x86_64/dev_bundle/lib/node_modules/npm/node_modules/slide/lib/async-map.js:51:8)
16 verbose stack     at /home/mitja/.meteor/packages/meteor-tool/.1.3.2_4.145bi9g++os.linux.x86_64+web.browser+web.cordova/mt-os.linux.x86_64/dev_bundle/lib/node_modules/npm/lib/install.js:703:5
16 verbose stack     at /home/mitja/.meteor/packages/meteor-tool/.1.3.2_4.145bi9g++os.linux.x86_64+web.browser+web.cordova/mt-os.linux.x86_64/dev_bundle/lib/node_modules/npm/lib/install.js:396:14
17 verbose cwd /home/mitja/Dokumenti/SONCE/develop
18 error Linux 3.16.0-4-amd64
19 error argv "node" "/home/mitja/.meteor/packages/meteor-tool/.1.3.2_4.145bi9g++os.linux.x86_64+web.browser+web.cordova/mt-os.linux.x86_64/dev_bundle/bin/npm" "install" "--save" "easy:search"
20 error node v0.10.43
21 error npm  v2.14.22
22 error Unsupported URL Type: easy:search
23 error If you need help, you may report this error at:
23 error     <https://github.com/npm/npm/issues>
24 verbose exit [ 1, true ]
